<?xml version="1.0" encoding="UTF-8"?>
<robot generator="Robot 6.1.1 (Python 3.11.5 on win32)" generated="20230925 15:40:15.888" rpa="false" schemaversion="4">
<suite id="s1" name="Cadastro" source="C:\QAx\projects\walkdog\cadastro.robot">
<test id="s1-t1" name="Cadastro com Sucesso" line="14">
<kw name="Open Browser" library="SeleniumLibrary">
<arg>${URL}</arg>
<arg>Chrome</arg>
<doc>Opens a new browser instance to the optional ``url``.</doc>
<msg timestamp="20230925 15:40:16.108" level="INFO">Opening browser 'Chrome' to base url 'https://walkdog.vercel.app/signup'.</msg>
<msg timestamp="20230925 15:40:17.443" level="WARN">The chromedriver version (116.0.5845.96) detected in PATH at C:\Python311\Scripts\chromedriver.exe might not be compatible with the detected chrome version (117.0.5938.92); currently, chromedriver 117.0.5938.92 is recommended for chrome 117.*, so it is advised to delete the driver in PATH and retry</msg>
<status status="PASS" starttime="20230925 15:40:16.108" endtime="20230925 15:40:19.700"/>
</kw>
<kw name="Preencher Formulário com Sucesso">
<kw name="Input Text" library="SeleniumLibrary">
<arg>css:input[type="text"][name="name"]</arg>
<arg>${Nome}</arg>
<doc>Types the given ``text`` into the text field identified by ``locator``.</doc>
<msg timestamp="20230925 15:40:19.700" level="INFO">Typing text 'Hermione Granger' into text field 'css:input[type="text"][name="name"]'.</msg>
<status status="PASS" starttime="20230925 15:40:19.700" endtime="20230925 15:40:19.811"/>
</kw>
<kw name="Input Text" library="SeleniumLibrary">
<arg>css:input[type="text"][name="email"]</arg>
<arg>${Email}</arg>
<doc>Types the given ``text`` into the text field identified by ``locator``.</doc>
<msg timestamp="20230925 15:40:19.811" level="INFO">Typing text 'hermione@mailinator.com' into text field 'css:input[type="text"][name="email"]'.</msg>
<status status="PASS" starttime="20230925 15:40:19.811" endtime="20230925 15:40:19.901"/>
</kw>
<kw name="Input Text" library="SeleniumLibrary">
<arg>css:input[type="text"][name="cpf"]</arg>
<arg>${CPF}</arg>
<doc>Types the given ``text`` into the text field identified by ``locator``.</doc>
<msg timestamp="20230925 15:40:19.901" level="INFO">Typing text '23036754059' into text field 'css:input[type="text"][name="cpf"]'.</msg>
<status status="PASS" starttime="20230925 15:40:19.901" endtime="20230925 15:40:19.970"/>
</kw>
<kw name="Input Text" library="SeleniumLibrary">
<arg>css:input[type="text"][name="cep"]</arg>
<arg>${CEP}</arg>
<doc>Types the given ``text`` into the text field identified by ``locator``.</doc>
<msg timestamp="20230925 15:40:19.970" level="INFO">Typing text '74680285' into text field 'css:input[type="text"][name="cep"]'.</msg>
<status status="PASS" starttime="20230925 15:40:19.970" endtime="20230925 15:40:20.026"/>
</kw>
<kw name="Input Text" library="SeleniumLibrary">
<arg>css:input[type="number"][name="addressNumber"]</arg>
<arg>${Numero}</arg>
<doc>Types the given ``text`` into the text field identified by ``locator``.</doc>
<msg timestamp="20230925 15:40:20.026" level="INFO">Typing text '123' into text field 'css:input[type="number"][name="addressNumber"]'.</msg>
<status status="PASS" starttime="20230925 15:40:20.026" endtime="20230925 15:40:20.084"/>
</kw>
<kw name="Click Element" library="SeleniumLibrary">
<arg>xpath://p[contains(text(), 'Upload do seu documento de identificação')]/following-sibling::input[@type="file"]</arg>
<doc>Click the element identified by ``locator``.</doc>
<msg timestamp="20230925 15:40:20.084" level="INFO">Clicking element 'xpath://p[contains(text(), 'Upload do seu documento de identificação')]/following-sibling::input[@type="file"]'.</msg>
<msg timestamp="20230925 15:40:20.233" level="INFO" html="true">&lt;/td&gt;&lt;/tr&gt;&lt;tr&gt;&lt;td colspan="3"&gt;&lt;a href="selenium-screenshot-3.png"&gt;&lt;img src="selenium-screenshot-3.png" width="800px"&gt;&lt;/a&gt;</msg>
<msg timestamp="20230925 15:40:20.233" level="FAIL">Element with locator 'xpath://p[contains(text(), 'Upload do seu documento de identificação')]/following-sibling::input[@type="file"]' not found.</msg>
<status status="FAIL" starttime="20230925 15:40:20.084" endtime="20230925 15:40:20.233"/>
</kw>
<kw name="Choose File" library="SeleniumLibrary">
<arg>xpath://input[@type="file"]</arg>
<arg>${upload_file}</arg>
<doc>Inputs the ``file_path`` into the file input field ``locator``.</doc>
<status status="NOT RUN" starttime="20230925 15:40:20.233" endtime="20230925 15:40:20.233"/>
</kw>
<status status="FAIL" starttime="20230925 15:40:19.700" endtime="20230925 15:40:20.233"/>
</kw>
<kw name="Enviar Formulário">
<status status="NOT RUN" starttime="20230925 15:40:20.233" endtime="20230925 15:40:20.233"/>
</kw>
<kw name="Verificar Sucesso do Cadastro">
<status status="NOT RUN" starttime="20230925 15:40:20.233" endtime="20230925 15:40:20.233"/>
</kw>
<kw name="Close Browser" library="SeleniumLibrary">
<doc>Closes the current browser.</doc>
<status status="NOT RUN" starttime="20230925 15:40:20.233" endtime="20230925 15:40:20.233"/>
</kw>
<doc>Preencher todos os campos obrigatórios e verificar o sucesso do cadastro.</doc>
<status status="FAIL" starttime="20230925 15:40:16.108" endtime="20230925 15:40:20.233">Element with locator 'xpath://p[contains(text(), 'Upload do seu documento de identificação')]/following-sibling::input[@type="file"]' not found.</status>
</test>
<test id="s1-t2" name="Cadastro Incompleto" line="22">
<kw name="Open Browser" library="SeleniumLibrary">
<arg>${URL}</arg>
<arg>Chrome</arg>
<doc>Opens a new browser instance to the optional ``url``.</doc>
<msg timestamp="20230925 15:40:20.233" level="INFO">Opening browser 'Chrome' to base url 'https://walkdog.vercel.app/signup'.</msg>
<msg timestamp="20230925 15:40:20.711" level="WARN">The chromedriver version (116.0.5845.96) detected in PATH at C:\Python311\Scripts\chromedriver.exe might not be compatible with the detected chrome version (117.0.5938.92); currently, chromedriver 117.0.5938.92 is recommended for chrome 117.*, so it is advised to delete the driver in PATH and retry</msg>
<status status="PASS" starttime="20230925 15:40:20.233" endtime="20230925 15:40:22.350"/>
</kw>
<kw name="Preencher Campos Obrigatórios Incompletos">
<kw name="Input Text" library="SeleniumLibrary">
<arg>css:input[type="text"][name="name"]</arg>
<arg>${Nome}</arg>
<doc>Types the given ``text`` into the text field identified by ``locator``.</doc>
<msg timestamp="20230925 15:40:22.350" level="INFO">Typing text 'Hermione Granger' into text field 'css:input[type="text"][name="name"]'.</msg>
<status status="PASS" starttime="20230925 15:40:22.350" endtime="20230925 15:40:22.476"/>
</kw>
<kw name="Input Text" library="SeleniumLibrary">
<arg>css:input[type="text"][name="email"]</arg>
<arg>${Email}</arg>
<doc>Types the given ``text`` into the text field identified by ``locator``.</doc>
<msg timestamp="20230925 15:40:22.477" level="INFO">Typing text 'hermione@mailinator.com' into text field 'css:input[type="text"][name="email"]'.</msg>
<status status="PASS" starttime="20230925 15:40:22.476" endtime="20230925 15:40:22.558"/>
</kw>
<kw name="Input Text" library="SeleniumLibrary">
<arg>css:input[type="text"][name="cpf"]</arg>
<arg>${CPF}</arg>
<doc>Types the given ``text`` into the text field identified by ``locator``.</doc>
<msg timestamp="20230925 15:40:22.558" level="INFO">Typing text '23036754059' into text field 'css:input[type="text"][name="cpf"]'.</msg>
<status status="PASS" starttime="20230925 15:40:22.558" endtime="20230925 15:40:22.628"/>
</kw>
<kw name="Click Button" library="SeleniumLibrary">
<arg>css:button.button-register</arg>
<doc>Clicks the button identified by ``locator``.</doc>
<msg timestamp="20230925 15:40:22.628" level="INFO">Clicking button 'css:button.button-register'.</msg>
<status status="PASS" starttime="20230925 15:40:22.628" endtime="20230925 15:40:22.677"/>
</kw>
<status status="PASS" starttime="20230925 15:40:22.350" endtime="20230925 15:40:22.677"/>
</kw>
<kw name="Enviar Formulário">
<kw name="Click Button" library="SeleniumLibrary">
<arg>css:button.button-register</arg>
<doc>Clicks the button identified by ``locator``.</doc>
<msg timestamp="20230925 15:40:22.683" level="INFO">Clicking button 'css:button.button-register'.</msg>
<status status="PASS" starttime="20230925 15:40:22.677" endtime="20230925 15:40:22.732"/>
</kw>
<status status="PASS" starttime="20230925 15:40:22.677" endtime="20230925 15:40:22.732"/>
</kw>
<kw name="Verificar Mensagem de Erro Campos Obrigatórios">
<kw name="Wait Until Page Contains" library="SeleniumLibrary">
<arg>Preencha todos os campos obrigatórios</arg>
<doc>Waits until ``text`` appears on the current page.</doc>
<msg timestamp="20230925 15:40:27.901" level="INFO" html="true">&lt;/td&gt;&lt;/tr&gt;&lt;tr&gt;&lt;td colspan="3"&gt;&lt;a href="selenium-screenshot-4.png"&gt;&lt;img src="selenium-screenshot-4.png" width="800px"&gt;&lt;/a&gt;</msg>
<msg timestamp="20230925 15:40:27.901" level="FAIL">Text 'Preencha todos os campos obrigatórios' did not appear in 5 seconds.</msg>
<status status="FAIL" starttime="20230925 15:40:22.733" endtime="20230925 15:40:27.916"/>
</kw>
<status status="FAIL" starttime="20230925 15:40:22.733" endtime="20230925 15:40:27.916"/>
</kw>
<kw name="Close Browser" library="SeleniumLibrary">
<doc>Closes the current browser.</doc>
<status status="NOT RUN" starttime="20230925 15:40:27.916" endtime="20230925 15:40:27.916"/>
</kw>
<doc>Preencher apenas alguns campos obrigatórios e verificar a mensagem de erro.</doc>
<status status="FAIL" starttime="20230925 15:40:20.233" endtime="20230925 15:40:27.916">Text 'Preencha todos os campos obrigatórios' did not appear in 5 seconds.</status>
</test>
<test id="s1-t3" name="CPF Inválido" line="30">
<kw name="Open Browser" library="SeleniumLibrary">
<arg>${URL}</arg>
<arg>Chrome</arg>
<doc>Opens a new browser instance to the optional ``url``.</doc>
<msg timestamp="20230925 15:40:27.918" level="INFO">Opening browser 'Chrome' to base url 'https://walkdog.vercel.app/signup'.</msg>
<msg timestamp="20230925 15:40:28.386" level="WARN">The chromedriver version (116.0.5845.96) detected in PATH at C:\Python311\Scripts\chromedriver.exe might not be compatible with the detected chrome version (117.0.5938.92); currently, chromedriver 117.0.5938.92 is recommended for chrome 117.*, so it is advised to delete the driver in PATH and retry</msg>
<status status="PASS" starttime="20230925 15:40:27.918" endtime="20230925 15:40:34.701"/>
</kw>
<kw name="Preencher CPF Inválido">
<kw name="Input Text" library="SeleniumLibrary">
<arg>css:input[type="text"][name="name"]</arg>
<arg>${Nome}</arg>
<doc>Types the given ``text`` into the text field identified by ``locator``.</doc>
<msg timestamp="20230925 15:40:34.703" level="INFO">Typing text 'Hermione Granger' into text field 'css:input[type="text"][name="name"]'.</msg>
<status status="PASS" starttime="20230925 15:40:34.702" endtime="20230925 15:40:34.812"/>
</kw>
<kw name="Input Text" library="SeleniumLibrary">
<arg>css:input[type="text"][name="email"]</arg>
<arg>${Email}</arg>
<doc>Types the given ``text`` into the text field identified by ``locator``.</doc>
<msg timestamp="20230925 15:40:34.813" level="INFO">Typing text 'hermione@mailinator.com' into text field 'css:input[type="text"][name="email"]'.</msg>
<status status="PASS" starttime="20230925 15:40:34.812" endtime="20230925 15:40:34.913"/>
</kw>
<kw name="Input Text" library="SeleniumLibrary">
<arg>css:input[type="text"][name="cpf"]</arg>
<arg>12345</arg>
<doc>Types the given ``text`` into the text field identified by ``locator``.</doc>
<msg timestamp="20230925 15:40:34.913" level="INFO">Typing text '12345' into text field 'css:input[type="text"][name="cpf"]'.</msg>
<status status="PASS" starttime="20230925 15:40:34.913" endtime="20230925 15:40:34.969"/>
</kw>
<kw name="Input Text" library="SeleniumLibrary">
<arg>css:input[type="text"][name="cep"]</arg>
<arg>${CEP}</arg>
<doc>Types the given ``text`` into the text field identified by ``locator``.</doc>
<msg timestamp="20230925 15:40:34.969" level="INFO">Typing text '74680285' into text field 'css:input[type="text"][name="cep"]'.</msg>
<status status="PASS" starttime="20230925 15:40:34.969" endtime="20230925 15:40:35.026"/>
</kw>
<kw name="Input Text" library="SeleniumLibrary">
<arg>css:input[type="number"][name="addressNumber"]</arg>
<arg>${Numero}</arg>
<doc>Types the given ``text`` into the text field identified by ``locator``.</doc>
<msg timestamp="20230925 15:40:35.027" level="INFO">Typing text '123' into text field 'css:input[type="number"][name="addressNumber"]'.</msg>
<status status="PASS" starttime="20230925 15:40:35.026" endtime="20230925 15:40:35.084"/>
</kw>
<status status="PASS" starttime="20230925 15:40:34.702" endtime="20230925 15:40:35.084"/>
</kw>
<kw name="Enviar Formulário">
<kw name="Click Button" library="SeleniumLibrary">
<arg>css:button.button-register</arg>
<doc>Clicks the button identified by ``locator``.</doc>
<msg timestamp="20230925 15:40:35.085" level="INFO">Clicking button 'css:button.button-register'.</msg>
<status status="PASS" starttime="20230925 15:40:35.085" endtime="20230925 15:40:35.145"/>
</kw>
<status status="PASS" starttime="20230925 15:40:35.084" endtime="20230925 15:40:35.145"/>
</kw>
<kw name="Verificar Mensagem de Erro CPF Inválido">
<kw name="Wait Until Page Contains" library="SeleniumLibrary">
<arg>CPF inválido</arg>
<doc>Waits until ``text`` appears on the current page.</doc>
<status status="PASS" starttime="20230925 15:40:35.147" endtime="20230925 15:40:35.162"/>
</kw>
<status status="PASS" starttime="20230925 15:40:35.145" endtime="20230925 15:40:35.162"/>
</kw>
<kw name="Close Browser" library="SeleniumLibrary">
<doc>Closes the current browser.</doc>
<status status="PASS" starttime="20230925 15:40:35.162" endtime="20230925 15:40:37.312"/>
</kw>
<doc>Preencher com um CPF inválido e verificar a mensagem de erro.</doc>
<status status="PASS" starttime="20230925 15:40:27.918" endtime="20230925 15:40:37.312"/>
</test>
<test id="s1-t4" name="Email Inválido" line="38">
<kw name="Open Browser" library="SeleniumLibrary">
<arg>${URL}</arg>
<arg>Chrome</arg>
<doc>Opens a new browser instance to the optional ``url``.</doc>
<msg timestamp="20230925 15:40:37.312" level="INFO">Opening browser 'Chrome' to base url 'https://walkdog.vercel.app/signup'.</msg>
<msg timestamp="20230925 15:40:37.796" level="WARN">The chromedriver version (116.0.5845.96) detected in PATH at C:\Python311\Scripts\chromedriver.exe might not be compatible with the detected chrome version (117.0.5938.92); currently, chromedriver 117.0.5938.92 is recommended for chrome 117.*, so it is advised to delete the driver in PATH and retry</msg>
<status status="PASS" starttime="20230925 15:40:37.312" endtime="20230925 15:40:40.879"/>
</kw>
<kw name="Preencher Email Inválido">
<kw name="Input Text" library="SeleniumLibrary">
<arg>css:input[type="text"][name="name"]</arg>
<arg>${Nome}</arg>
<doc>Types the given ``text`` into the text field identified by ``locator``.</doc>
<msg timestamp="20230925 15:40:40.879" level="INFO">Typing text 'Hermione Granger' into text field 'css:input[type="text"][name="name"]'.</msg>
<status status="PASS" starttime="20230925 15:40:40.879" endtime="20230925 15:40:40.993"/>
</kw>
<kw name="Input Text" library="SeleniumLibrary">
<arg>css:input[type="text"][name="email"]</arg>
<arg>seuemail</arg>
<doc>Types the given ``text`` into the text field identified by ``locator``.</doc>
<msg timestamp="20230925 15:40:40.993" level="INFO">Typing text 'seuemail' into text field 'css:input[type="text"][name="email"]'.</msg>
<status status="PASS" starttime="20230925 15:40:40.993" endtime="20230925 15:40:41.053"/>
</kw>
<kw name="Input Text" library="SeleniumLibrary">
<arg>css:input[type="text"][name="cpf"]</arg>
<arg>${CPF}</arg>
<doc>Types the given ``text`` into the text field identified by ``locator``.</doc>
<msg timestamp="20230925 15:40:41.053" level="INFO">Typing text '23036754059' into text field 'css:input[type="text"][name="cpf"]'.</msg>
<status status="PASS" starttime="20230925 15:40:41.053" endtime="20230925 15:40:41.122"/>
</kw>
<kw name="Input Text" library="SeleniumLibrary">
<arg>css:input[type="text"][name="cep"]</arg>
<arg>${CEP}</arg>
<doc>Types the given ``text`` into the text field identified by ``locator``.</doc>
<msg timestamp="20230925 15:40:41.122" level="INFO">Typing text '74680285' into text field 'css:input[type="text"][name="cep"]'.</msg>
<status status="PASS" starttime="20230925 15:40:41.122" endtime="20230925 15:40:41.182"/>
</kw>
<kw name="Input Text" library="SeleniumLibrary">
<arg>css:input[type="number"][name="addressNumber"]</arg>
<arg>${Numero}</arg>
<doc>Types the given ``text`` into the text field identified by ``locator``.</doc>
<msg timestamp="20230925 15:40:41.183" level="INFO">Typing text '123' into text field 'css:input[type="number"][name="addressNumber"]'.</msg>
<status status="PASS" starttime="20230925 15:40:41.182" endtime="20230925 15:40:41.243"/>
</kw>
<status status="PASS" starttime="20230925 15:40:40.879" endtime="20230925 15:40:41.243"/>
</kw>
<kw name="Enviar Formulário">
<kw name="Click Button" library="SeleniumLibrary">
<arg>css:button.button-register</arg>
<doc>Clicks the button identified by ``locator``.</doc>
<msg timestamp="20230925 15:40:41.244" level="INFO">Clicking button 'css:button.button-register'.</msg>
<status status="PASS" starttime="20230925 15:40:41.244" endtime="20230925 15:40:41.302"/>
</kw>
<status status="PASS" starttime="20230925 15:40:41.244" endtime="20230925 15:40:41.302"/>
</kw>
<kw name="Verificar Mensagem de Erro Email Inválido">
<kw name="Wait Until Page Contains" library="SeleniumLibrary">
<arg>Informe um email válido</arg>
<doc>Waits until ``text`` appears on the current page.</doc>
<status status="PASS" starttime="20230925 15:40:41.304" endtime="20230925 15:40:41.314"/>
</kw>
<status status="PASS" starttime="20230925 15:40:41.304" endtime="20230925 15:40:41.314"/>
</kw>
<kw name="Close Browser" library="SeleniumLibrary">
<doc>Closes the current browser.</doc>
<status status="PASS" starttime="20230925 15:40:41.314" endtime="20230925 15:40:43.475"/>
</kw>
<doc>Preencher com um email inválido e verificar a mensagem de erro.</doc>
<status status="PASS" starttime="20230925 15:40:37.312" endtime="20230925 15:40:43.475"/>
</test>
<status status="FAIL" starttime="20230925 15:40:15.888" endtime="20230925 15:40:43.475"/>
</suite>
<statistics>
<total>
<stat pass="2" fail="2" skip="0">All Tests</stat>
</total>
<tag>
</tag>
<suite>
<stat pass="2" fail="2" skip="0" id="s1" name="Cadastro">Cadastro</stat>
</suite>
</statistics>
<errors>
<msg timestamp="20230925 15:40:17.443" level="WARN">The chromedriver version (116.0.5845.96) detected in PATH at C:\Python311\Scripts\chromedriver.exe might not be compatible with the detected chrome version (117.0.5938.92); currently, chromedriver 117.0.5938.92 is recommended for chrome 117.*, so it is advised to delete the driver in PATH and retry</msg>
<msg timestamp="20230925 15:40:20.711" level="WARN">The chromedriver version (116.0.5845.96) detected in PATH at C:\Python311\Scripts\chromedriver.exe might not be compatible with the detected chrome version (117.0.5938.92); currently, chromedriver 117.0.5938.92 is recommended for chrome 117.*, so it is advised to delete the driver in PATH and retry</msg>
<msg timestamp="20230925 15:40:28.386" level="WARN">The chromedriver version (116.0.5845.96) detected in PATH at C:\Python311\Scripts\chromedriver.exe might not be compatible with the detected chrome version (117.0.5938.92); currently, chromedriver 117.0.5938.92 is recommended for chrome 117.*, so it is advised to delete the driver in PATH and retry</msg>
<msg timestamp="20230925 15:40:37.796" level="WARN">The chromedriver version (116.0.5845.96) detected in PATH at C:\Python311\Scripts\chromedriver.exe might not be compatible with the detected chrome version (117.0.5938.92); currently, chromedriver 117.0.5938.92 is recommended for chrome 117.*, so it is advised to delete the driver in PATH and retry</msg>
</errors>
</robot>
